
*** Running vivado
    with args -log ov5640_eth_rgmii.vdi -applog -m64 -product Vivado -messageDb vivado.pb -mode batch -source ov5640_eth_rgmii.tcl -notrace


****** Vivado v2018.3 (64-bit)
  **** SW Build 2405991 on Thu Dec  6 23:38:27 MST 2018
  **** IP Build 2404404 on Fri Dec  7 01:43:56 MST 2018
    ** Copyright 1986-2018 Xilinx, Inc. All Rights Reserved.

source ov5640_eth_rgmii.tcl -notrace
Command: link_design -top ov5640_eth_rgmii -part xc7z020clg400-1
Design is defaulting to srcset: sources_1
Design is defaulting to constrset: constrs_1
INFO: [Project 1-454] Reading design checkpoint 'f:/F_prj/ov5640_eth_rgmii/ov5640_eth_rgmii.srcs/sources_1/ip/pll/pll.dcp' for cell 'pll'
INFO: [Netlist 29-17] Analyzing 70 Unisim elements for replacement
INFO: [Netlist 29-28] Unisim Transformation completed in 0 CPU seconds
INFO: [Project 1-479] Netlist was created with Vivado 2018.3
INFO: [Device 21-403] Loading part xc7z020clg400-1
INFO: [Project 1-570] Preparing netlist for logic optimization
Parsing XDC File [f:/F_prj/ov5640_eth_rgmii/ov5640_eth_rgmii.srcs/sources_1/ip/pll/pll_board.xdc] for cell 'pll/inst'
Finished Parsing XDC File [f:/F_prj/ov5640_eth_rgmii/ov5640_eth_rgmii.srcs/sources_1/ip/pll/pll_board.xdc] for cell 'pll/inst'
Parsing XDC File [f:/F_prj/ov5640_eth_rgmii/ov5640_eth_rgmii.srcs/sources_1/ip/pll/pll.xdc] for cell 'pll/inst'
INFO: [Timing 38-35] Done setting XDC timing constraints. [f:/F_prj/ov5640_eth_rgmii/ov5640_eth_rgmii.srcs/sources_1/ip/pll/pll.xdc:57]
INFO: [Timing 38-2] Deriving generated clocks [f:/F_prj/ov5640_eth_rgmii/ov5640_eth_rgmii.srcs/sources_1/ip/pll/pll.xdc:57]
get_clocks: Time (s): cpu = 00:00:07 ; elapsed = 00:00:08 . Memory (MB): peak = 1272.031 ; gain = 547.133
Finished Parsing XDC File [f:/F_prj/ov5640_eth_rgmii/ov5640_eth_rgmii.srcs/sources_1/ip/pll/pll.xdc] for cell 'pll/inst'
INFO: [Opt 31-138] Pushed 0 inverter(s) to 0 load pin(s).
Netlist sorting complete. Time (s): cpu = 00:00:00 ; elapsed = 00:00:00 . Memory (MB): peak = 1272.031 ; gain = 0.000
INFO: [Project 1-111] Unisim Transformation Summary:
  A total of 1 instances were transformed.
  IOBUF => IOBUF (IBUF, OBUFT): 1 instances

10 Infos, 0 Warnings, 0 Critical Warnings and 0 Errors encountered.
link_design completed successfully
link_design: Time (s): cpu = 00:00:12 ; elapsed = 00:00:16 . Memory (MB): peak = 1272.031 ; gain = 908.109
Command: opt_design
Attempting to get a license for feature 'Implementation' and/or device 'xc7z020'
INFO: [Common 17-349] Got license for feature 'Implementation' and/or device 'xc7z020'
Running DRC as a precondition to command opt_design

Starting DRC Task
INFO: [DRC 23-27] Running DRC with 2 threads
WARNING: [DRC RPBF-3] IO port buffering is incomplete: Device port eth_mdio expects both input and output buffering but the buffers are incomplete.
INFO: [Project 1-461] DRC finished with 0 Errors, 1 Warnings
INFO: [Project 1-462] Please refer to the DRC report (report_drc) for more information.

Time (s): cpu = 00:00:01 ; elapsed = 00:00:00.857 . Memory (MB): peak = 1272.031 ; gain = 0.000

Starting Cache Timing Information Task
INFO: [Timing 38-35] Done setting XDC timing constraints.
Ending Cache Timing Information Task | Checksum: 1adcf4949

Time (s): cpu = 00:00:00 ; elapsed = 00:00:00.107 . Memory (MB): peak = 1290.051 ; gain = 18.020

Starting Logic Optimization Task

Phase 1 Retarget
INFO: [Opt 31-138] Pushed 3 inverter(s) to 3 load pin(s).
INFO: [Opt 31-49] Retargeted 0 cell(s).
Phase 1 Retarget | Checksum: c589db1b

Time (s): cpu = 00:00:00 ; elapsed = 00:00:00.557 . Memory (MB): peak = 1372.480 ; gain = 0.000
INFO: [Opt 31-389] Phase Retarget created 0 cells and removed 4 cells
INFO: [Opt 31-1021] In phase Retarget, 1 netlist objects are constrained preventing optimization. Please run opt_design with -debug_log to get more detail. 

Phase 2 Constant propagation
INFO: [Opt 31-138] Pushed 0 inverter(s) to 0 load pin(s).
Phase 2 Constant propagation | Checksum: c589db1b

Time (s): cpu = 00:00:00 ; elapsed = 00:00:00.585 . Memory (MB): peak = 1372.480 ; gain = 0.000
INFO: [Opt 31-389] Phase Constant propagation created 0 cells and removed 0 cells

Phase 3 Sweep
Phase 3 Sweep | Checksum: 17bc22fe9

Time (s): cpu = 00:00:00 ; elapsed = 00:00:00.653 . Memory (MB): peak = 1372.480 ; gain = 0.000
INFO: [Opt 31-389] Phase Sweep created 0 cells and removed 0 cells

Phase 4 BUFG optimization
INFO: [Opt 31-194] Inserted BUFG pll/inst/clk_out1_pll_BUFG_inst to drive 0 load(s) on clock net pll/inst/clk_out1_pll_BUFG
INFO: [Opt 31-194] Inserted BUFG pll/inst/clk_out2_pll_BUFG_inst to drive 0 load(s) on clock net pll/inst/clk_out2_pll_BUFG
INFO: [Opt 31-194] Inserted BUFG pll/inst/clk_out3_pll_BUFG_inst to drive 0 load(s) on clock net pll/inst/clk_out3_pll_BUFG
INFO: [Opt 31-193] Inserted 3 BUFG(s) on clock nets
Phase 4 BUFG optimization | Checksum: 18946a95a

Time (s): cpu = 00:00:00 ; elapsed = 00:00:00.685 . Memory (MB): peak = 1372.480 ; gain = 0.000
INFO: [Opt 31-662] Phase BUFG optimization created 0 cells of which 0 are BUFGs and removed 0 cells.

Phase 5 Shift Register Optimization
Phase 5 Shift Register Optimization | Checksum: 12131ddb7

Time (s): cpu = 00:00:00 ; elapsed = 00:00:00.908 . Memory (MB): peak = 1372.480 ; gain = 0.000
INFO: [Opt 31-389] Phase Shift Register Optimization created 0 cells and removed 0 cells

Phase 6 Post Processing Netlist
Phase 6 Post Processing Netlist | Checksum: 165c67499

Time (s): cpu = 00:00:00 ; elapsed = 00:00:00.915 . Memory (MB): peak = 1372.480 ; gain = 0.000
INFO: [Opt 31-389] Phase Post Processing Netlist created 0 cells and removed 0 cells
Opt_design Change Summary
=========================


-------------------------------------------------------------------------------------------------------------------------
|  Phase                        |  #Cells created  |  #Cells Removed  |  #Constrained objects preventing optimizations  |
-------------------------------------------------------------------------------------------------------------------------
|  Retarget                     |               0  |               4  |                                              1  |
|  Constant propagation         |               0  |               0  |                                              0  |
|  Sweep                        |               0  |               0  |                                              0  |
|  BUFG optimization            |               0  |               0  |                                              0  |
|  Shift Register Optimization  |               0  |               0  |                                              0  |
|  Post Processing Netlist      |               0  |               0  |                                              0  |
-------------------------------------------------------------------------------------------------------------------------



Starting Connectivity Check Task

Time (s): cpu = 00:00:00 ; elapsed = 00:00:00.003 . Memory (MB): peak = 1372.480 ; gain = 0.000
Ending Logic Optimization Task | Checksum: fa37c0c2

Time (s): cpu = 00:00:00 ; elapsed = 00:00:00.921 . Memory (MB): peak = 1372.480 ; gain = 0.000

Starting Power Optimization Task
INFO: [Pwropt 34-132] Skipping clock gating for clocks with a period < 2.00 ns.
INFO: [Pwropt 34-9] Applying IDT optimizations ...
INFO: [Pwropt 34-10] Applying ODC optimizations ...
INFO: [Timing 38-35] Done setting XDC timing constraints.
INFO: [Physopt 32-619] Estimated Timing Summary | WNS=1.223 | TNS=0.000 |
Running Vector-less Activity Propagation...

Finished Running Vector-less Activity Propagation


Starting PowerOpt Patch Enables Task
INFO: [Pwropt 34-162] WRITE_MODE attribute of 0 BRAM(s) out of a total of 3 has been updated to save power. Run report_power_opt to get a complete listing of the BRAMs updated.
INFO: [Pwropt 34-201] Structural ODC has moved 0 WE to EN ports
Number of BRAM Ports augmented: 0 newly gated: 2 Total Ports: 6
Ending PowerOpt Patch Enables Task | Checksum: 1b8d914e0

Time (s): cpu = 00:00:00 ; elapsed = 00:00:00.043 . Memory (MB): peak = 1520.051 ; gain = 0.000
Ending Power Optimization Task | Checksum: 1b8d914e0

Time (s): cpu = 00:00:00 ; elapsed = 00:00:02 . Memory (MB): peak = 1520.051 ; gain = 147.570

Starting Final Cleanup Task
Ending Final Cleanup Task | Checksum: 1b8d914e0

Time (s): cpu = 00:00:00 ; elapsed = 00:00:00 . Memory (MB): peak = 1520.051 ; gain = 0.000

Starting Netlist Obfuscation Task
Netlist sorting complete. Time (s): cpu = 00:00:00 ; elapsed = 00:00:00 . Memory (MB): peak = 1520.051 ; gain = 0.000
Ending Netlist Obfuscation Task | Checksum: 1645c3cf8

Time (s): cpu = 00:00:00 ; elapsed = 00:00:00.001 . Memory (MB): peak = 1520.051 ; gain = 0.000
INFO: [Common 17-83] Releasing license: Implementation
37 Infos, 1 Warnings, 0 Critical Warnings and 0 Errors encountered.
opt_design completed successfully
Netlist sorting complete. Time (s): cpu = 00:00:00 ; elapsed = 00:00:00.001 . Memory (MB): peak = 1520.051 ; gain = 0.000
INFO: [Timing 38-480] Writing timing data to binary archive.
Netlist sorting complete. Time (s): cpu = 00:00:00 ; elapsed = 00:00:00 . Memory (MB): peak = 1520.051 ; gain = 0.000
INFO: [Common 17-1381] The checkpoint 'F:/F_prj/ov5640_eth_rgmii/ov5640_eth_rgmii.runs/impl_1/ov5640_eth_rgmii_opt.dcp' has been generated.
INFO: [runtcl-4] Executing : report_drc -file ov5640_eth_rgmii_drc_opted.rpt -pb ov5640_eth_rgmii_drc_opted.pb -rpx ov5640_eth_rgmii_drc_opted.rpx
Command: report_drc -file ov5640_eth_rgmii_drc_opted.rpt -pb ov5640_eth_rgmii_drc_opted.pb -rpx ov5640_eth_rgmii_drc_opted.rpx
INFO: [IP_Flow 19-1839] IP Catalog is up to date.
INFO: [DRC 23-27] Running DRC with 2 threads
INFO: [Coretcl 2-168] The results of DRC are in file F:/F_prj/ov5640_eth_rgmii/ov5640_eth_rgmii.runs/impl_1/ov5640_eth_rgmii_drc_opted.rpt.
report_drc completed successfully
Command: place_design
Attempting to get a license for feature 'Implementation' and/or device 'xc7z020'
INFO: [Common 17-349] Got license for feature 'Implementation' and/or device 'xc7z020'
INFO: [DRC 23-27] Running DRC with 2 threads
INFO: [Vivado_Tcl 4-198] DRC finished with 0 Errors
INFO: [Vivado_Tcl 4-199] Please refer to the DRC report (report_drc) for more information.
Running DRC as a precondition to command place_design
INFO: [DRC 23-27] Running DRC with 2 threads
WARNING: [DRC CHECK-3] Report rule limit reached: REQP-1839 rule limit reached: 20 violations have been found.
WARNING: [DRC CHECK-3] Report rule limit reached: REQP-1840 rule limit reached: 20 violations have been found.
WARNING: [DRC REQP-1839] RAMB36 async control check: The RAMB36E1 eth_udp_send/async_fifo/dpram_inst/use_bram.ram_reg_0 has an input control pin eth_udp_send/async_fifo/dpram_inst/use_bram.ram_reg_0/ADDRARDADDR[10] (net: eth_udp_send/async_fifo/dpram_inst/wraddress[8]) which is driven by a register (eth_udp_send/async_fifo/async_fifo_ctrl_inst/wr_pntr_reg[8]) that has an active asychronous set or reset. This may cause corruption of the memory contents and/or read values when the set/reset is asserted and is not analyzed by the default static timing analysis. It is suggested to eliminate the use of a set/reset to registers driving this RAMB pin or else use a synchronous reset in which the assertion of the reset is timed by default.
WARNING: [DRC REQP-1839] RAMB36 async control check: The RAMB36E1 eth_udp_send/async_fifo/dpram_inst/use_bram.ram_reg_0 has an input control pin eth_udp_send/async_fifo/dpram_inst/use_bram.ram_reg_0/ADDRARDADDR[11] (net: eth_udp_send/async_fifo/dpram_inst/wraddress[9]) which is driven by a register (eth_udp_send/async_fifo/async_fifo_ctrl_inst/wr_pntr_reg[9]) that has an active asychronous set or reset. This may cause corruption of the memory contents and/or read values when the set/reset is asserted and is not analyzed by the default static timing analysis. It is suggested to eliminate the use of a set/reset to registers driving this RAMB pin or else use a synchronous reset in which the assertion of the reset is timed by default.
WARNING: [DRC REQP-1839] RAMB36 async control check: The RAMB36E1 eth_udp_send/async_fifo/dpram_inst/use_bram.ram_reg_0 has an input control pin eth_udp_send/async_fifo/dpram_inst/use_bram.ram_reg_0/ADDRARDADDR[12] (net: eth_udp_send/async_fifo/dpram_inst/wraddress[10]) which is driven by a register (eth_udp_send/async_fifo/async_fifo_ctrl_inst/wr_pntr_reg[10]) that has an active asychronous set or reset. This may cause corruption of the memory contents and/or read values when the set/reset is asserted and is not analyzed by the default static timing analysis. It is suggested to eliminate the use of a set/reset to registers driving this RAMB pin or else use a synchronous reset in which the assertion of the reset is timed by default.
WARNING: [DRC REQP-1839] RAMB36 async control check: The RAMB36E1 eth_udp_send/async_fifo/dpram_inst/use_bram.ram_reg_0 has an input control pin eth_udp_send/async_fifo/dpram_inst/use_bram.ram_reg_0/ADDRARDADDR[13] (net: eth_udp_send/async_fifo/dpram_inst/wraddress[11]) which is driven by a register (eth_udp_send/async_fifo/async_fifo_ctrl_inst/wr_pntr_reg[11]) that has an active asychronous set or reset. This may cause corruption of the memory contents and/or read values when the set/reset is asserted and is not analyzed by the default static timing analysis. It is suggested to eliminate the use of a set/reset to registers driving this RAMB pin or else use a synchronous reset in which the assertion of the reset is timed by default.
WARNING: [DRC REQP-1839] RAMB36 async control check: The RAMB36E1 eth_udp_send/async_fifo/dpram_inst/use_bram.ram_reg_0 has an input control pin eth_udp_send/async_fifo/dpram_inst/use_bram.ram_reg_0/ADDRARDADDR[14] (net: eth_udp_send/async_fifo/dpram_inst/wraddress[12]) which is driven by a register (eth_udp_send/async_fifo/async_fifo_ctrl_inst/wr_pntr_reg[12]) that has an active asychronous set or reset. This may cause corruption of the memory contents and/or read values when the set/reset is asserted and is not analyzed by the default static timing analysis. It is suggested to eliminate the use of a set/reset to registers driving this RAMB pin or else use a synchronous reset in which the assertion of the reset is timed by default.
WARNING: [DRC REQP-1839] RAMB36 async control check: The RAMB36E1 eth_udp_send/async_fifo/dpram_inst/use_bram.ram_reg_0 has an input control pin eth_udp_send/async_fifo/dpram_inst/use_bram.ram_reg_0/ADDRARDADDR[2] (net: eth_udp_send/async_fifo/dpram_inst/wraddress[0]) which is driven by a register (eth_udp_send/async_fifo/async_fifo_ctrl_inst/wr_pntr_reg[0]) that has an active asychronous set or reset. This may cause corruption of the memory contents and/or read values when the set/reset is asserted and is not analyzed by the default static timing analysis. It is suggested to eliminate the use of a set/reset to registers driving this RAMB pin or else use a synchronous reset in which the assertion of the reset is timed by default.
WARNING: [DRC REQP-1839] RAMB36 async control check: The RAMB36E1 eth_udp_send/async_fifo/dpram_inst/use_bram.ram_reg_0 has an input control pin eth_udp_send/async_fifo/dpram_inst/use_bram.ram_reg_0/ADDRARDADDR[3] (net: eth_udp_send/async_fifo/dpram_inst/wraddress[1]) which is driven by a register (eth_udp_send/async_fifo/async_fifo_ctrl_inst/wr_pntr_reg[1]) that has an active asychronous set or reset. This may cause corruption of the memory contents and/or read values when the set/reset is asserted and is not analyzed by the default static timing analysis. It is suggested to eliminate the use of a set/reset to registers driving this RAMB pin or else use a synchronous reset in which the assertion of the reset is timed by default.
WARNING: [DRC REQP-1839] RAMB36 async control check: The RAMB36E1 eth_udp_send/async_fifo/dpram_inst/use_bram.ram_reg_0 has an input control pin eth_udp_send/async_fifo/dpram_inst/use_bram.ram_reg_0/ADDRARDADDR[4] (net: eth_udp_send/async_fifo/dpram_inst/wraddress[2]) which is driven by a register (eth_udp_send/async_fifo/async_fifo_ctrl_inst/wr_pntr_reg[2]) that has an active asychronous set or reset. This may cause corruption of the memory contents and/or read values when the set/reset is asserted and is not analyzed by the default static timing analysis. It is suggested to eliminate the use of a set/reset to registers driving this RAMB pin or else use a synchronous reset in which the assertion of the reset is timed by default.
WARNING: [DRC REQP-1839] RAMB36 async control check: The RAMB36E1 eth_udp_send/async_fifo/dpram_inst/use_bram.ram_reg_0 has an input control pin eth_udp_send/async_fifo/dpram_inst/use_bram.ram_reg_0/ADDRARDADDR[5] (net: eth_udp_send/async_fifo/dpram_inst/wraddress[3]) which is driven by a register (eth_udp_send/async_fifo/async_fifo_ctrl_inst/wr_pntr_reg[3]) that has an active asychronous set or reset. This may cause corruption of the memory contents and/or read values when the set/reset is asserted and is not analyzed by the default static timing analysis. It is suggested to eliminate the use of a set/reset to registers driving this RAMB pin or else use a synchronous reset in which the assertion of the reset is timed by default.
WARNING: [DRC REQP-1839] RAMB36 async control check: The RAMB36E1 eth_udp_send/async_fifo/dpram_inst/use_bram.ram_reg_0 has an input control pin eth_udp_send/async_fifo/dpram_inst/use_bram.ram_reg_0/ADDRARDADDR[6] (net: eth_udp_send/async_fifo/dpram_inst/wraddress[4]) which is driven by a register (eth_udp_send/async_fifo/async_fifo_ctrl_inst/wr_pntr_reg[4]) that has an active asychronous set or reset. This may cause corruption of the memory contents and/or read values when the set/reset is asserted and is not analyzed by the default static timing analysis. It is suggested to eliminate the use of a set/reset to registers driving this RAMB pin or else use a synchronous reset in which the assertion of the reset is timed by default.
WARNING: [DRC REQP-1839] RAMB36 async control check: The RAMB36E1 eth_udp_send/async_fifo/dpram_inst/use_bram.ram_reg_0 has an input control pin eth_udp_send/async_fifo/dpram_inst/use_bram.ram_reg_0/ADDRARDADDR[7] (net: eth_udp_send/async_fifo/dpram_inst/wraddress[5]) which is driven by a register (eth_udp_send/async_fifo/async_fifo_ctrl_inst/wr_pntr_reg[5]) that has an active asychronous set or reset. This may cause corruption of the memory contents and/or read values when the set/reset is asserted and is not analyzed by the default static timing analysis. It is suggested to eliminate the use of a set/reset to registers driving this RAMB pin or else use a synchronous reset in which the assertion of the reset is timed by default.
WARNING: [DRC REQP-1839] RAMB36 async control check: The RAMB36E1 eth_udp_send/async_fifo/dpram_inst/use_bram.ram_reg_0 has an input control pin eth_udp_send/async_fifo/dpram_inst/use_bram.ram_reg_0/ADDRARDADDR[8] (net: eth_udp_send/async_fifo/dpram_inst/wraddress[6]) which is driven by a register (eth_udp_send/async_fifo/async_fifo_ctrl_inst/wr_pntr_reg[6]) that has an active asychronous set or reset. This may cause corruption of the memory contents and/or read values when the set/reset is asserted and is not analyzed by the default static timing analysis. It is suggested to eliminate the use of a set/reset to registers driving this RAMB pin or else use a synchronous reset in which the assertion of the reset is timed by default.
WARNING: [DRC REQP-1839] RAMB36 async control check: The RAMB36E1 eth_udp_send/async_fifo/dpram_inst/use_bram.ram_reg_0 has an input control pin eth_udp_send/async_fifo/dpram_inst/use_bram.ram_reg_0/ADDRARDADDR[9] (net: eth_udp_send/async_fifo/dpram_inst/wraddress[7]) which is driven by a register (eth_udp_send/async_fifo/async_fifo_ctrl_inst/wr_pntr_reg[7]) that has an active asychronous set or reset. This may cause corruption of the memory contents and/or read values when the set/reset is asserted and is not analyzed by the default static timing analysis. It is suggested to eliminate the use of a set/reset to registers driving this RAMB pin or else use a synchronous reset in which the assertion of the reset is timed by default.
WARNING: [DRC REQP-1839] RAMB36 async control check: The RAMB36E1 eth_udp_send/async_fifo/dpram_inst/use_bram.ram_reg_0 has an input control pin eth_udp_send/async_fifo/dpram_inst/use_bram.ram_reg_0/ADDRBWRADDR[14] (net: eth_udp_send/async_fifo/dpram_inst/rdaddress[12]) which is driven by a register (eth_udp_send/async_fifo/async_fifo_ctrl_inst/rd_pntr_reg[1]) that has an active asychronous set or reset. This may cause corruption of the memory contents and/or read values when the set/reset is asserted and is not analyzed by the default static timing analysis. It is suggested to eliminate the use of a set/reset to registers driving this RAMB pin or else use a synchronous reset in which the assertion of the reset is timed by default.
WARNING: [DRC REQP-1839] RAMB36 async control check: The RAMB36E1 eth_udp_send/async_fifo/dpram_inst/use_bram.ram_reg_0 has an input control pin eth_udp_send/async_fifo/dpram_inst/use_bram.ram_reg_0/ADDRBWRADDR[14] (net: eth_udp_send/async_fifo/dpram_inst/rdaddress[12]) which is driven by a register (eth_udp_send/async_fifo/async_fifo_ctrl_inst/rd_pntr_reg[2]) that has an active asychronous set or reset. This may cause corruption of the memory contents and/or read values when the set/reset is asserted and is not analyzed by the default static timing analysis. It is suggested to eliminate the use of a set/reset to registers driving this RAMB pin or else use a synchronous reset in which the assertion of the reset is timed by default.
WARNING: [DRC REQP-1839] RAMB36 async control check: The RAMB36E1 eth_udp_send/async_fifo/dpram_inst/use_bram.ram_reg_0 has an input control pin eth_udp_send/async_fifo/dpram_inst/use_bram.ram_reg_0/ADDRBWRADDR[14] (net: eth_udp_send/async_fifo/dpram_inst/rdaddress[12]) which is driven by a register (eth_udp_send/async_fifo/async_fifo_ctrl_inst/rd_pntr_reg[4]) that has an active asychronous set or reset. This may cause corruption of the memory contents and/or read values when the set/reset is asserted and is not analyzed by the default static timing analysis. It is suggested to eliminate the use of a set/reset to registers driving this RAMB pin or else use a synchronous reset in which the assertion of the reset is timed by default.
WARNING: [DRC REQP-1839] RAMB36 async control check: The RAMB36E1 eth_udp_send/async_fifo/dpram_inst/use_bram.ram_reg_0 has an input control pin eth_udp_send/async_fifo/dpram_inst/use_bram.ram_reg_0/ADDRBWRADDR[14] (net: eth_udp_send/async_fifo/dpram_inst/rdaddress[12]) which is driven by a register (eth_udp_send/async_fifo/async_fifo_ctrl_inst/rd_pntr_reg[5]) that has an active asychronous set or reset. This may cause corruption of the memory contents and/or read values when the set/reset is asserted and is not analyzed by the default static timing analysis. It is suggested to eliminate the use of a set/reset to registers driving this RAMB pin or else use a synchronous reset in which the assertion of the reset is timed by default.
WARNING: [DRC REQP-1839] RAMB36 async control check: The RAMB36E1 eth_udp_send/async_fifo/dpram_inst/use_bram.ram_reg_0 has an input control pin eth_udp_send/async_fifo/dpram_inst/use_bram.ram_reg_0/ADDRBWRADDR[14] (net: eth_udp_send/async_fifo/dpram_inst/rdaddress[12]) which is driven by a register (eth_udp_send/async_fifo/async_fifo_ctrl_inst/rd_pntr_reg[6]) that has an active asychronous set or reset. This may cause corruption of the memory contents and/or read values when the set/reset is asserted and is not analyzed by the default static timing analysis. It is suggested to eliminate the use of a set/reset to registers driving this RAMB pin or else use a synchronous reset in which the assertion of the reset is timed by default.
WARNING: [DRC REQP-1839] RAMB36 async control check: The RAMB36E1 eth_udp_send/async_fifo/dpram_inst/use_bram.ram_reg_0 has an input control pin eth_udp_send/async_fifo/dpram_inst/use_bram.ram_reg_0/ADDRBWRADDR[14] (net: eth_udp_send/async_fifo/dpram_inst/rdaddress[12]) which is driven by a register (eth_udp_send/async_fifo/async_fifo_ctrl_inst/rd_pntr_reg[8]) that has an active asychronous set or reset. This may cause corruption of the memory contents and/or read values when the set/reset is asserted and is not analyzed by the default static timing analysis. It is suggested to eliminate the use of a set/reset to registers driving this RAMB pin or else use a synchronous reset in which the assertion of the reset is timed by default.
WARNING: [DRC REQP-1839] RAMB36 async control check: The RAMB36E1 eth_udp_send/async_fifo/dpram_inst/use_bram.ram_reg_0 has an input control pin eth_udp_send/async_fifo/dpram_inst/use_bram.ram_reg_0/ADDRBWRADDR[14] (net: eth_udp_send/async_fifo/dpram_inst/rdaddress[12]) which is driven by a register (eth_udp_send/async_fifo/async_fifo_ctrl_inst/rd_pntr_reg[9]) that has an active asychronous set or reset. This may cause corruption of the memory contents and/or read values when the set/reset is asserted and is not analyzed by the default static timing analysis. It is suggested to eliminate the use of a set/reset to registers driving this RAMB pin or else use a synchronous reset in which the assertion of the reset is timed by default.
WARNING: [DRC REQP-1840] RAMB18 async control check: The RAMB18E1 camera_init/ov5640_init_table_rgb_inst/q_reg has an input control pin camera_init/ov5640_init_table_rgb_inst/q_reg/ADDRARDADDR[10] (net: camera_init/ov5640_init_table_rgb_inst/Q[6]) which is driven by a register (camera_init/cnt_reg_rep[6]) that has an active asychronous set or reset. This may cause corruption of the memory contents and/or read values when the set/reset is asserted and is not analyzed by the default static timing analysis. It is suggested to eliminate the use of a set/reset to registers driving this RAMB pin or else use a synchronous reset in which the assertion of the reset is timed by default.
WARNING: [DRC REQP-1840] RAMB18 async control check: The RAMB18E1 camera_init/ov5640_init_table_rgb_inst/q_reg has an input control pin camera_init/ov5640_init_table_rgb_inst/q_reg/ADDRARDADDR[11] (net: camera_init/ov5640_init_table_rgb_inst/Q[7]) which is driven by a register (camera_init/cnt_reg_rep[7]) that has an active asychronous set or reset. This may cause corruption of the memory contents and/or read values when the set/reset is asserted and is not analyzed by the default static timing analysis. It is suggested to eliminate the use of a set/reset to registers driving this RAMB pin or else use a synchronous reset in which the assertion of the reset is timed by default.
WARNING: [DRC REQP-1840] RAMB18 async control check: The RAMB18E1 camera_init/ov5640_init_table_rgb_inst/q_reg has an input control pin camera_init/ov5640_init_table_rgb_inst/q_reg/ADDRARDADDR[4] (net: camera_init/ov5640_init_table_rgb_inst/Q[0]) which is driven by a register (camera_init/cnt_reg_rep[0]) that has an active asychronous set or reset. This may cause corruption of the memory contents and/or read values when the set/reset is asserted and is not analyzed by the default static timing analysis. It is suggested to eliminate the use of a set/reset to registers driving this RAMB pin or else use a synchronous reset in which the assertion of the reset is timed by default.
WARNING: [DRC REQP-1840] RAMB18 async control check: The RAMB18E1 camera_init/ov5640_init_table_rgb_inst/q_reg has an input control pin camera_init/ov5640_init_table_rgb_inst/q_reg/ADDRARDADDR[5] (net: camera_init/ov5640_init_table_rgb_inst/Q[1]) which is driven by a register (camera_init/cnt_reg_rep[1]) that has an active asychronous set or reset. This may cause corruption of the memory contents and/or read values when the set/reset is asserted and is not analyzed by the default static timing analysis. It is suggested to eliminate the use of a set/reset to registers driving this RAMB pin or else use a synchronous reset in which the assertion of the reset is timed by default.
WARNING: [DRC REQP-1840] RAMB18 async control check: The RAMB18E1 camera_init/ov5640_init_table_rgb_inst/q_reg has an input control pin camera_init/ov5640_init_table_rgb_inst/q_reg/ADDRARDADDR[6] (net: camera_init/ov5640_init_table_rgb_inst/Q[2]) which is driven by a register (camera_init/cnt_reg_rep[2]) that has an active asychronous set or reset. This may cause corruption of the memory contents and/or read values when the set/reset is asserted and is not analyzed by the default static timing analysis. It is suggested to eliminate the use of a set/reset to registers driving this RAMB pin or else use a synchronous reset in which the assertion of the reset is timed by default.
WARNING: [DRC REQP-1840] RAMB18 async control check: The RAMB18E1 camera_init/ov5640_init_table_rgb_inst/q_reg has an input control pin camera_init/ov5640_init_table_rgb_inst/q_reg/ADDRARDADDR[7] (net: camera_init/ov5640_init_table_rgb_inst/Q[3]) which is driven by a register (camera_init/cnt_reg_rep[3]) that has an active asychronous set or reset. This may cause corruption of the memory contents and/or read values when the set/reset is asserted and is not analyzed by the default static timing analysis. It is suggested to eliminate the use of a set/reset to registers driving this RAMB pin or else use a synchronous reset in which the assertion of the reset is timed by default.
WARNING: [DRC REQP-1840] RAMB18 async control check: The RAMB18E1 camera_init/ov5640_init_table_rgb_inst/q_reg has an input control pin camera_init/ov5640_init_table_rgb_inst/q_reg/ADDRARDADDR[8] (net: camera_init/ov5640_init_table_rgb_inst/Q[4]) which is driven by a register (camera_init/cnt_reg_rep[4]) that has an active asychronous set or reset. This may cause corruption of the memory contents and/or read values when the set/reset is asserted and is not analyzed by the default static timing analysis. It is suggested to eliminate the use of a set/reset to registers driving this RAMB pin or else use a synchronous reset in which the assertion of the reset is timed by default.
WARNING: [DRC REQP-1840] RAMB18 async control check: The RAMB18E1 camera_init/ov5640_init_table_rgb_inst/q_reg has an input control pin camera_init/ov5640_init_table_rgb_inst/q_reg/ADDRARDADDR[9] (net: camera_init/ov5640_init_table_rgb_inst/Q[5]) which is driven by a register (camera_init/cnt_reg_rep[5]) that has an active asychronous set or reset. This may cause corruption of the memory contents and/or read values when the set/reset is asserted and is not analyzed by the default static timing analysis. It is suggested to eliminate the use of a set/reset to registers driving this RAMB pin or else use a synchronous reset in which the assertion of the reset is timed by default.
WARNING: [DRC REQP-1840] RAMB18 async control check: The RAMB18E1 camera_init/ov5640_init_table_rgb_inst/q_reg has an input control pin camera_init/ov5640_init_table_rgb_inst/q_reg/ADDRBWRADDR[10] (net: camera_init/ov5640_init_table_rgb_inst/Q[6]) which is driven by a register (camera_init/cnt_reg_rep[6]) that has an active asychronous set or reset. This may cause corruption of the memory contents and/or read values when the set/reset is asserted and is not analyzed by the default static timing analysis. It is suggested to eliminate the use of a set/reset to registers driving this RAMB pin or else use a synchronous reset in which the assertion of the reset is timed by default.
WARNING: [DRC REQP-1840] RAMB18 async control check: The RAMB18E1 camera_init/ov5640_init_table_rgb_inst/q_reg has an input control pin camera_init/ov5640_init_table_rgb_inst/q_reg/ADDRBWRADDR[11] (net: camera_init/ov5640_init_table_rgb_inst/Q[7]) which is driven by a register (camera_init/cnt_reg_rep[7]) that has an active asychronous set or reset. This may cause corruption of the memory contents and/or read values when the set/reset is asserted and is not analyzed by the default static timing analysis. It is suggested to eliminate the use of a set/reset to registers driving this RAMB pin or else use a synchronous reset in which the assertion of the reset is timed by default.
WARNING: [DRC REQP-1840] RAMB18 async control check: The RAMB18E1 camera_init/ov5640_init_table_rgb_inst/q_reg has an input control pin camera_init/ov5640_init_table_rgb_inst/q_reg/ADDRBWRADDR[4] (net: camera_init/ov5640_init_table_rgb_inst/Q[0]) which is driven by a register (camera_init/cnt_reg_rep[0]) that has an active asychronous set or reset. This may cause corruption of the memory contents and/or read values when the set/reset is asserted and is not analyzed by the default static timing analysis. It is suggested to eliminate the use of a set/reset to registers driving this RAMB pin or else use a synchronous reset in which the assertion of the reset is timed by default.
WARNING: [DRC REQP-1840] RAMB18 async control check: The RAMB18E1 camera_init/ov5640_init_table_rgb_inst/q_reg has an input control pin camera_init/ov5640_init_table_rgb_inst/q_reg/ADDRBWRADDR[5] (net: camera_init/ov5640_init_table_rgb_inst/Q[1]) which is driven by a register (camera_init/cnt_reg_rep[1]) that has an active asychronous set or reset. This may cause corruption of the memory contents and/or read values when the set/reset is asserted and is not analyzed by the default static timing analysis. It is suggested to eliminate the use of a set/reset to registers driving this RAMB pin or else use a synchronous reset in which the assertion of the reset is timed by default.
WARNING: [DRC REQP-1840] RAMB18 async control check: The RAMB18E1 camera_init/ov5640_init_table_rgb_inst/q_reg has an input control pin camera_init/ov5640_init_table_rgb_inst/q_reg/ADDRBWRADDR[6] (net: camera_init/ov5640_init_table_rgb_inst/Q[2]) which is driven by a register (camera_init/cnt_reg_rep[2]) that has an active asychronous set or reset. This may cause corruption of the memory contents and/or read values when the set/reset is asserted and is not analyzed by the default static timing analysis. It is suggested to eliminate the use of a set/reset to registers driving this RAMB pin or else use a synchronous reset in which the assertion of the reset is timed by default.
WARNING: [DRC REQP-1840] RAMB18 async control check: The RAMB18E1 camera_init/ov5640_init_table_rgb_inst/q_reg has an input control pin camera_init/ov5640_init_table_rgb_inst/q_reg/ADDRBWRADDR[7] (net: camera_init/ov5640_init_table_rgb_inst/Q[3]) which is driven by a register (camera_init/cnt_reg_rep[3]) that has an active asychronous set or reset. This may cause corruption of the memory contents and/or read values when the set/reset is asserted and is not analyzed by the default static timing analysis. It is suggested to eliminate the use of a set/reset to registers driving this RAMB pin or else use a synchronous reset in which the assertion of the reset is timed by default.
WARNING: [DRC REQP-1840] RAMB18 async control check: The RAMB18E1 camera_init/ov5640_init_table_rgb_inst/q_reg has an input control pin camera_init/ov5640_init_table_rgb_inst/q_reg/ADDRBWRADDR[8] (net: camera_init/ov5640_init_table_rgb_inst/Q[4]) which is driven by a register (camera_init/cnt_reg_rep[4]) that has an active asychronous set or reset. This may cause corruption of the memory contents and/or read values when the set/reset is asserted and is not analyzed by the default static timing analysis. It is suggested to eliminate the use of a set/reset to registers driving this RAMB pin or else use a synchronous reset in which the assertion of the reset is timed by default.
WARNING: [DRC REQP-1840] RAMB18 async control check: The RAMB18E1 camera_init/ov5640_init_table_rgb_inst/q_reg has an input control pin camera_init/ov5640_init_table_rgb_inst/q_reg/ADDRBWRADDR[9] (net: camera_init/ov5640_init_table_rgb_inst/Q[5]) which is driven by a register (camera_init/cnt_reg_rep[5]) that has an active asychronous set or reset. This may cause corruption of the memory contents and/or read values when the set/reset is asserted and is not analyzed by the default static timing analysis. It is suggested to eliminate the use of a set/reset to registers driving this RAMB pin or else use a synchronous reset in which the assertion of the reset is timed by default.
WARNING: [DRC REQP-1840] RAMB18 async control check: The RAMB18E1 camera_init/ov5640_init_table_rgb_inst/q_reg has an input control pin camera_init/ov5640_init_table_rgb_inst/q_reg/ENARDEN (net: camera_init/ov5640_init_table_rgb_inst/q_reg_ENARDEN_cooolgate_en_sig_1) which is driven by a register (camera_init/i2c_control/i2c_bit_shift/Trans_Done_reg) that has an active asychronous set or reset. This may cause corruption of the memory contents and/or read values when the set/reset is asserted and is not analyzed by the default static timing analysis. It is suggested to eliminate the use of a set/reset to registers driving this RAMB pin or else use a synchronous reset in which the assertion of the reset is timed by default.
WARNING: [DRC REQP-1840] RAMB18 async control check: The RAMB18E1 camera_init/ov5640_init_table_rgb_inst/q_reg has an input control pin camera_init/ov5640_init_table_rgb_inst/q_reg/ENARDEN (net: camera_init/ov5640_init_table_rgb_inst/q_reg_ENARDEN_cooolgate_en_sig_1) which is driven by a register (camera_init/i2c_control/state_reg[0]) that has an active asychronous set or reset. This may cause corruption of the memory contents and/or read values when the set/reset is asserted and is not analyzed by the default static timing analysis. It is suggested to eliminate the use of a set/reset to registers driving this RAMB pin or else use a synchronous reset in which the assertion of the reset is timed by default.
WARNING: [DRC REQP-1840] RAMB18 async control check: The RAMB18E1 camera_init/ov5640_init_table_rgb_inst/q_reg has an input control pin camera_init/ov5640_init_table_rgb_inst/q_reg/ENARDEN (net: camera_init/ov5640_init_table_rgb_inst/q_reg_ENARDEN_cooolgate_en_sig_1) which is driven by a register (camera_init/i2c_control/state_reg[1]) that has an active asychronous set or reset. This may cause corruption of the memory contents and/or read values when the set/reset is asserted and is not analyzed by the default static timing analysis. It is suggested to eliminate the use of a set/reset to registers driving this RAMB pin or else use a synchronous reset in which the assertion of the reset is timed by default.
WARNING: [DRC REQP-1840] RAMB18 async control check: The RAMB18E1 camera_init/ov5640_init_table_rgb_inst/q_reg has an input control pin camera_init/ov5640_init_table_rgb_inst/q_reg/ENARDEN (net: camera_init/ov5640_init_table_rgb_inst/q_reg_ENARDEN_cooolgate_en_sig_1) which is driven by a register (camera_init/i2c_control/state_reg[7]) that has an active asychronous set or reset. This may cause corruption of the memory contents and/or read values when the set/reset is asserted and is not analyzed by the default static timing analysis. It is suggested to eliminate the use of a set/reset to registers driving this RAMB pin or else use a synchronous reset in which the assertion of the reset is timed by default.
WARNING: [DRC RPBF-3] IO port buffering is incomplete: Device port eth_mdio expects both input and output buffering but the buffers are incomplete.
INFO: [Vivado_Tcl 4-198] DRC finished with 0 Errors, 43 Warnings
INFO: [Vivado_Tcl 4-199] Please refer to the DRC report (report_drc) for more information.

Starting Placer Task
INFO: [Place 30-611] Multithreading enabled for place_design using a maximum of 2 CPUs

Phase 1 Placer Initialization

Phase 1.1 Placer Initialization Netlist Sorting
Netlist sorting complete. Time (s): cpu = 00:00:00 ; elapsed = 00:00:00.001 . Memory (MB): peak = 1520.051 ; gain = 0.000
Phase 1.1 Placer Initialization Netlist Sorting | Checksum: f5d93cb6

Time (s): cpu = 00:00:00 ; elapsed = 00:00:00.087 . Memory (MB): peak = 1520.051 ; gain = 0.000
Netlist sorting complete. Time (s): cpu = 00:00:00 ; elapsed = 00:00:00 . Memory (MB): peak = 1520.051 ; gain = 0.000

Phase 1.2 IO Placement/ Clock Placement/ Build Placer Device
INFO: [Timing 38-35] Done setting XDC timing constraints.
Phase 1.2 IO Placement/ Clock Placement/ Build Placer Device | Checksum: ef96b24f

Time (s): cpu = 00:00:00 ; elapsed = 00:00:01 . Memory (MB): peak = 1520.051 ; gain = 0.000

Phase 1.3 Build Placer Netlist Model
Phase 1.3 Build Placer Netlist Model | Checksum: 10db7e500

Time (s): cpu = 00:00:00 ; elapsed = 00:00:02 . Memory (MB): peak = 1520.051 ; gain = 0.000

Phase 1.4 Constrain Clocks/Macros
Phase 1.4 Constrain Clocks/Macros | Checksum: 10db7e500

Time (s): cpu = 00:00:00 ; elapsed = 00:00:02 . Memory (MB): peak = 1520.051 ; gain = 0.000
Phase 1 Placer Initialization | Checksum: 10db7e500

Time (s): cpu = 00:00:00 ; elapsed = 00:00:02 . Memory (MB): peak = 1520.051 ; gain = 0.000

Phase 2 Global Placement

Phase 2.1 Floorplanning
Phase 2.1 Floorplanning | Checksum: 164024b2a

Time (s): cpu = 00:00:00 ; elapsed = 00:00:02 . Memory (MB): peak = 1520.051 ; gain = 0.000

Phase 2.2 Physical Synthesis In Placer
INFO: [Physopt 32-65] No nets found for high-fanout optimization.
INFO: [Physopt 32-232] Optimized 0 net. Created 0 new instance.
INFO: [Physopt 32-775] End 1 Pass. Optimized 0 net or cell. Created 0 new cell, deleted 0 existing cell and moved 0 existing cell
INFO: [Physopt 32-670] No setup violation found.  DSP Register Optimization was not performed.
INFO: [Physopt 32-670] No setup violation found.  Shift Register Optimization was not performed.
INFO: [Physopt 32-670] No setup violation found.  BRAM Register Optimization was not performed.
INFO: [Physopt 32-949] No candidate nets found for HD net replication
INFO: [Physopt 32-775] End 1 Pass. Optimized 0 net or cell. Created 0 new cell, deleted 0 existing cell and moved 0 existing cell
Netlist sorting complete. Time (s): cpu = 00:00:00 ; elapsed = 00:00:00 . Memory (MB): peak = 1520.051 ; gain = 0.000

Summary of Physical Synthesis Optimizations
============================================


----------------------------------------------------------------------------------------------------------------------------------------
|  Optimization                  |  Added Cells  |  Removed Cells  |  Optimized Cells/Nets  |  Dont Touch  |  Iterations  |  Elapsed   |
----------------------------------------------------------------------------------------------------------------------------------------
|  Very High Fanout              |            0  |              0  |                     0  |           0  |           1  |  00:00:00  |
|  DSP Register                  |            0  |              0  |                     0  |           0  |           0  |  00:00:00  |
|  Shift Register                |            0  |              0  |                     0  |           0  |           0  |  00:00:00  |
|  BRAM Register                 |            0  |              0  |                     0  |           0  |           0  |  00:00:00  |
|  HD Interface Net Replication  |            0  |              0  |                     0  |           0  |           1  |  00:00:00  |
|  Total                         |            0  |              0  |                     0  |           0  |           2  |  00:00:00  |
----------------------------------------------------------------------------------------------------------------------------------------


Phase 2.2 Physical Synthesis In Placer | Checksum: 174920cd6

Time (s): cpu = 00:00:01 ; elapsed = 00:00:04 . Memory (MB): peak = 1520.051 ; gain = 0.000
Phase 2 Global Placement | Checksum: 1625b45c6

Time (s): cpu = 00:00:01 ; elapsed = 00:00:04 . Memory (MB): peak = 1520.051 ; gain = 0.000

Phase 3 Detail Placement

Phase 3.1 Commit Multi Column Macros
Phase 3.1 Commit Multi Column Macros | Checksum: 1625b45c6

Time (s): cpu = 00:00:01 ; elapsed = 00:00:04 . Memory (MB): peak = 1520.051 ; gain = 0.000

Phase 3.2 Commit Most Macros & LUTRAMs
Phase 3.2 Commit Most Macros & LUTRAMs | Checksum: 10fea9422

Time (s): cpu = 00:00:01 ; elapsed = 00:00:04 . Memory (MB): peak = 1520.051 ; gain = 0.000

Phase 3.3 Area Swap Optimization
Phase 3.3 Area Swap Optimization | Checksum: 14960618a

Time (s): cpu = 00:00:01 ; elapsed = 00:00:04 . Memory (MB): peak = 1520.051 ; gain = 0.000

Phase 3.4 Pipeline Register Optimization
Phase 3.4 Pipeline Register Optimization | Checksum: 1879d6007

Time (s): cpu = 00:00:01 ; elapsed = 00:00:04 . Memory (MB): peak = 1520.051 ; gain = 0.000

Phase 3.5 Small Shape Detail Placement
Phase 3.5 Small Shape Detail Placement | Checksum: 1b60dabdb

Time (s): cpu = 00:00:01 ; elapsed = 00:00:04 . Memory (MB): peak = 1520.051 ; gain = 0.000

Phase 3.6 Re-assign LUT pins
Phase 3.6 Re-assign LUT pins | Checksum: 15185a295

Time (s): cpu = 00:00:02 ; elapsed = 00:00:04 . Memory (MB): peak = 1520.051 ; gain = 0.000

Phase 3.7 Pipeline Register Optimization
Phase 3.7 Pipeline Register Optimization | Checksum: a7430d26

Time (s): cpu = 00:00:02 ; elapsed = 00:00:04 . Memory (MB): peak = 1520.051 ; gain = 0.000
Phase 3 Detail Placement | Checksum: a7430d26

Time (s): cpu = 00:00:02 ; elapsed = 00:00:04 . Memory (MB): peak = 1520.051 ; gain = 0.000

Phase 4 Post Placement Optimization and Clean-Up

Phase 4.1 Post Commit Optimization
INFO: [Timing 38-35] Done setting XDC timing constraints.

Phase 4.1.1 Post Placement Optimization
Post Placement Optimization Initialization | Checksum: 197876704

Phase 4.1.1.1 BUFG Insertion
INFO: [Place 46-46] BUFG insertion identified 0 candidate nets, 0 success, 0 bufg driver replicated, 0 skipped for placement/routing, 0 skipped for timing, 0 skipped for netlist change reason
Phase 4.1.1.1 BUFG Insertion | Checksum: 197876704

Time (s): cpu = 00:00:02 ; elapsed = 00:00:05 . Memory (MB): peak = 1520.051 ; gain = 0.000
INFO: [Place 30-746] Post Placement Timing Summary WNS=1.008. For the most accurate timing information please run report_timing.
Phase 4.1.1 Post Placement Optimization | Checksum: 18bcb833f

Time (s): cpu = 00:00:02 ; elapsed = 00:00:05 . Memory (MB): peak = 1520.051 ; gain = 0.000
Phase 4.1 Post Commit Optimization | Checksum: 18bcb833f

Time (s): cpu = 00:00:02 ; elapsed = 00:00:05 . Memory (MB): peak = 1520.051 ; gain = 0.000

Phase 4.2 Post Placement Cleanup
Phase 4.2 Post Placement Cleanup | Checksum: 18bcb833f

Time (s): cpu = 00:00:02 ; elapsed = 00:00:05 . Memory (MB): peak = 1520.051 ; gain = 0.000

Phase 4.3 Placer Reporting
Phase 4.3 Placer Reporting | Checksum: 18bcb833f

Time (s): cpu = 00:00:02 ; elapsed = 00:00:05 . Memory (MB): peak = 1520.051 ; gain = 0.000

Phase 4.4 Final Placement Cleanup
Netlist sorting complete. Time (s): cpu = 00:00:00 ; elapsed = 00:00:00.001 . Memory (MB): peak = 1520.051 ; gain = 0.000
Phase 4.4 Final Placement Cleanup | Checksum: 1c95690f7

Time (s): cpu = 00:00:02 ; elapsed = 00:00:05 . Memory (MB): peak = 1520.051 ; gain = 0.000
Phase 4 Post Placement Optimization and Clean-Up | Checksum: 1c95690f7

Time (s): cpu = 00:00:02 ; elapsed = 00:00:05 . Memory (MB): peak = 1520.051 ; gain = 0.000
Ending Placer Task | Checksum: 128bcec85

Time (s): cpu = 00:00:02 ; elapsed = 00:00:05 . Memory (MB): peak = 1520.051 ; gain = 0.000
INFO: [Common 17-83] Releasing license: Implementation
64 Infos, 44 Warnings, 0 Critical Warnings and 0 Errors encountered.
place_design completed successfully
place_design: Time (s): cpu = 00:00:04 ; elapsed = 00:00:05 . Memory (MB): peak = 1520.051 ; gain = 0.000
Netlist sorting complete. Time (s): cpu = 00:00:00 ; elapsed = 00:00:00 . Memory (MB): peak = 1520.051 ; gain = 0.000
INFO: [Timing 38-480] Writing timing data to binary archive.
Writing placer database...
Netlist sorting complete. Time (s): cpu = 00:00:00 ; elapsed = 00:00:00.001 . Memory (MB): peak = 1520.051 ; gain = 0.000
Writing XDEF routing.
Writing XDEF routing logical nets.
Writing XDEF routing special nets.
Write XDEF Complete: Time (s): cpu = 00:00:00 ; elapsed = 00:00:00.226 . Memory (MB): peak = 1520.051 ; gain = 0.000
INFO: [Common 17-1381] The checkpoint 'F:/F_prj/ov5640_eth_rgmii/ov5640_eth_rgmii.runs/impl_1/ov5640_eth_rgmii_placed.dcp' has been generated.
INFO: [runtcl-4] Executing : report_io -file ov5640_eth_rgmii_io_placed.rpt
report_io: Time (s): cpu = 00:00:00 ; elapsed = 00:00:00.152 . Memory (MB): peak = 1520.051 ; gain = 0.000
INFO: [runtcl-4] Executing : report_utilization -file ov5640_eth_rgmii_utilization_placed.rpt -pb ov5640_eth_rgmii_utilization_placed.pb
INFO: [runtcl-4] Executing : report_control_sets -verbose -file ov5640_eth_rgmii_control_sets_placed.rpt
report_control_sets: Time (s): cpu = 00:00:00 ; elapsed = 00:00:00.009 . Memory (MB): peak = 1520.051 ; gain = 0.000
Command: route_design
Attempting to get a license for feature 'Implementation' and/or device 'xc7z020'
INFO: [Common 17-349] Got license for feature 'Implementation' and/or device 'xc7z020'
Running DRC as a precondition to command route_design
INFO: [DRC 23-27] Running DRC with 2 threads
INFO: [Vivado_Tcl 4-198] DRC finished with 0 Errors
INFO: [Vivado_Tcl 4-199] Please refer to the DRC report (report_drc) for more information.


Starting Routing Task
INFO: [Route 35-254] Multithreading enabled for route_design using a maximum of 2 CPUs
Checksum: PlaceDB: 36fd8daa ConstDB: 0 ShapeSum: f1bf5edb RouteDB: 0

Phase 1 Build RT Design
Phase 1 Build RT Design | Checksum: a23e99c6

Time (s): cpu = 00:00:24 ; elapsed = 00:00:23 . Memory (MB): peak = 1526.871 ; gain = 6.820
Post Restoration Checksum: NetGraph: 81cb87e2 NumContArr: 207311e4 Constraints: 0 Timing: 0

Phase 2 Router Initialization

Phase 2.1 Create Timer
Phase 2.1 Create Timer | Checksum: a23e99c6

Time (s): cpu = 00:00:24 ; elapsed = 00:00:23 . Memory (MB): peak = 1553.059 ; gain = 33.008

Phase 2.2 Fix Topology Constraints
Phase 2.2 Fix Topology Constraints | Checksum: a23e99c6

Time (s): cpu = 00:00:24 ; elapsed = 00:00:23 . Memory (MB): peak = 1559.938 ; gain = 39.887

Phase 2.3 Pre Route Cleanup
Phase 2.3 Pre Route Cleanup | Checksum: a23e99c6

Time (s): cpu = 00:00:24 ; elapsed = 00:00:23 . Memory (MB): peak = 1559.938 ; gain = 39.887
 Number of Nodes with overlaps = 0

Phase 2.4 Update Timing
Phase 2.4 Update Timing | Checksum: 1e5d48a48

Time (s): cpu = 00:00:24 ; elapsed = 00:00:23 . Memory (MB): peak = 1573.805 ; gain = 53.754
INFO: [Route 35-416] Intermediate Timing Summary | WNS=0.988  | TNS=0.000  | WHS=-0.141 | THS=-6.743 |

Phase 2 Router Initialization | Checksum: 23781f6ea

Time (s): cpu = 00:00:24 ; elapsed = 00:00:24 . Memory (MB): peak = 1573.805 ; gain = 53.754

Phase 3 Initial Routing
Phase 3 Initial Routing | Checksum: 1dcee2066

Time (s): cpu = 00:00:24 ; elapsed = 00:00:24 . Memory (MB): peak = 1573.805 ; gain = 53.754

Phase 4 Rip-up And Reroute

Phase 4.1 Global Iteration 0
 Number of Nodes with overlaps = 92
 Number of Nodes with overlaps = 13
 Number of Nodes with overlaps = 7
 Number of Nodes with overlaps = 4
 Number of Nodes with overlaps = 1
 Number of Nodes with overlaps = 0
INFO: [Route 35-416] Intermediate Timing Summary | WNS=0.914  | TNS=0.000  | WHS=N/A    | THS=N/A    |

Phase 4.1 Global Iteration 0 | Checksum: 187d00e99

Time (s): cpu = 00:00:25 ; elapsed = 00:00:24 . Memory (MB): peak = 1573.805 ; gain = 53.754

Phase 4.2 Global Iteration 1
 Number of Nodes with overlaps = 4
 Number of Nodes with overlaps = 1
 Number of Nodes with overlaps = 0
INFO: [Route 35-416] Intermediate Timing Summary | WNS=0.914  | TNS=0.000  | WHS=N/A    | THS=N/A    |

Phase 4.2 Global Iteration 1 | Checksum: 1bbc03f8e

Time (s): cpu = 00:00:25 ; elapsed = 00:00:24 . Memory (MB): peak = 1573.805 ; gain = 53.754
Phase 4 Rip-up And Reroute | Checksum: 1bbc03f8e

Time (s): cpu = 00:00:25 ; elapsed = 00:00:24 . Memory (MB): peak = 1573.805 ; gain = 53.754

Phase 5 Delay and Skew Optimization

Phase 5.1 Delay CleanUp
Phase 5.1 Delay CleanUp | Checksum: 1bbc03f8e

Time (s): cpu = 00:00:25 ; elapsed = 00:00:24 . Memory (MB): peak = 1573.805 ; gain = 53.754

Phase 5.2 Clock Skew Optimization
Phase 5.2 Clock Skew Optimization | Checksum: 1bbc03f8e

Time (s): cpu = 00:00:25 ; elapsed = 00:00:24 . Memory (MB): peak = 1573.805 ; gain = 53.754
Phase 5 Delay and Skew Optimization | Checksum: 1bbc03f8e

Time (s): cpu = 00:00:25 ; elapsed = 00:00:24 . Memory (MB): peak = 1573.805 ; gain = 53.754

Phase 6 Post Hold Fix

Phase 6.1 Hold Fix Iter

Phase 6.1.1 Update Timing
Phase 6.1.1 Update Timing | Checksum: 1da3a96b1

Time (s): cpu = 00:00:25 ; elapsed = 00:00:24 . Memory (MB): peak = 1573.805 ; gain = 53.754
INFO: [Route 35-416] Intermediate Timing Summary | WNS=0.914  | TNS=0.000  | WHS=0.114  | THS=0.000  |

Phase 6.1 Hold Fix Iter | Checksum: 1da3a96b1

Time (s): cpu = 00:00:25 ; elapsed = 00:00:24 . Memory (MB): peak = 1573.805 ; gain = 53.754
Phase 6 Post Hold Fix | Checksum: 1da3a96b1

Time (s): cpu = 00:00:25 ; elapsed = 00:00:24 . Memory (MB): peak = 1573.805 ; gain = 53.754

Phase 7 Route finalize

Router Utilization Summary
  Global Vertical Routing Utilization    = 0.0973905 %
  Global Horizontal Routing Utilization  = 0.116886 %
  Routable Net Status*
  *Does not include unroutable nets such as driverless and loadless.
  Run report_route_status for detailed report.
  Number of Failed Nets               = 0
  Number of Unrouted Nets             = 0
  Number of Partially Routed Nets     = 0
  Number of Node Overlaps             = 0

Phase 7 Route finalize | Checksum: 1a6b09d43

Time (s): cpu = 00:00:25 ; elapsed = 00:00:24 . Memory (MB): peak = 1573.805 ; gain = 53.754

Phase 8 Verifying routed nets

 Verification completed successfully
Phase 8 Verifying routed nets | Checksum: 1a6b09d43

Time (s): cpu = 00:00:25 ; elapsed = 00:00:24 . Memory (MB): peak = 1574.332 ; gain = 54.281

Phase 9 Depositing Routes
Phase 9 Depositing Routes | Checksum: 14319d008

Time (s): cpu = 00:00:25 ; elapsed = 00:00:25 . Memory (MB): peak = 1574.332 ; gain = 54.281

Phase 10 Post Router Timing
INFO: [Route 35-57] Estimated Timing Summary | WNS=0.914  | TNS=0.000  | WHS=0.114  | THS=0.000  |

INFO: [Route 35-327] The final timing numbers are based on the router estimated timing analysis. For a complete and accurate timing signoff, please run report_timing_summary.
Phase 10 Post Router Timing | Checksum: 14319d008

Time (s): cpu = 00:00:25 ; elapsed = 00:00:25 . Memory (MB): peak = 1574.332 ; gain = 54.281
INFO: [Route 35-16] Router Completed Successfully

Time (s): cpu = 00:00:25 ; elapsed = 00:00:25 . Memory (MB): peak = 1574.332 ; gain = 54.281

Routing Is Done.
INFO: [Common 17-83] Releasing license: Implementation
82 Infos, 44 Warnings, 0 Critical Warnings and 0 Errors encountered.
route_design completed successfully
route_design: Time (s): cpu = 00:00:27 ; elapsed = 00:00:26 . Memory (MB): peak = 1574.332 ; gain = 54.281
Netlist sorting complete. Time (s): cpu = 00:00:00 ; elapsed = 00:00:00 . Memory (MB): peak = 1574.332 ; gain = 0.000
INFO: [Timing 38-480] Writing timing data to binary archive.
Writing placer database...
Writing XDEF routing.
Netlist sorting complete. Time (s): cpu = 00:00:00 ; elapsed = 00:00:00 . Memory (MB): peak = 1574.332 ; gain = 0.000
Writing XDEF routing logical nets.
Writing XDEF routing special nets.
Write XDEF Complete: Time (s): cpu = 00:00:00 ; elapsed = 00:00:00.140 . Memory (MB): peak = 1574.332 ; gain = 0.000
INFO: [Common 17-1381] The checkpoint 'F:/F_prj/ov5640_eth_rgmii/ov5640_eth_rgmii.runs/impl_1/ov5640_eth_rgmii_routed.dcp' has been generated.
INFO: [runtcl-4] Executing : report_drc -file ov5640_eth_rgmii_drc_routed.rpt -pb ov5640_eth_rgmii_drc_routed.pb -rpx ov5640_eth_rgmii_drc_routed.rpx
Command: report_drc -file ov5640_eth_rgmii_drc_routed.rpt -pb ov5640_eth_rgmii_drc_routed.pb -rpx ov5640_eth_rgmii_drc_routed.rpx
INFO: [IP_Flow 19-1839] IP Catalog is up to date.
INFO: [DRC 23-27] Running DRC with 2 threads
INFO: [Coretcl 2-168] The results of DRC are in file F:/F_prj/ov5640_eth_rgmii/ov5640_eth_rgmii.runs/impl_1/ov5640_eth_rgmii_drc_routed.rpt.
report_drc completed successfully
INFO: [runtcl-4] Executing : report_methodology -file ov5640_eth_rgmii_methodology_drc_routed.rpt -pb ov5640_eth_rgmii_methodology_drc_routed.pb -rpx ov5640_eth_rgmii_methodology_drc_routed.rpx
Command: report_methodology -file ov5640_eth_rgmii_methodology_drc_routed.rpt -pb ov5640_eth_rgmii_methodology_drc_routed.pb -rpx ov5640_eth_rgmii_methodology_drc_routed.rpx
INFO: [Timing 38-35] Done setting XDC timing constraints.
INFO: [DRC 23-133] Running Methodology with 2 threads
INFO: [Coretcl 2-1520] The results of Report Methodology are in file F:/F_prj/ov5640_eth_rgmii/ov5640_eth_rgmii.runs/impl_1/ov5640_eth_rgmii_methodology_drc_routed.rpt.
report_methodology completed successfully
INFO: [runtcl-4] Executing : report_power -file ov5640_eth_rgmii_power_routed.rpt -pb ov5640_eth_rgmii_power_summary_routed.pb -rpx ov5640_eth_rgmii_power_routed.rpx
Command: report_power -file ov5640_eth_rgmii_power_routed.rpt -pb ov5640_eth_rgmii_power_summary_routed.pb -rpx ov5640_eth_rgmii_power_routed.rpx
INFO: [Timing 38-35] Done setting XDC timing constraints.
Running Vector-less Activity Propagation...

Finished Running Vector-less Activity Propagation
94 Infos, 44 Warnings, 0 Critical Warnings and 0 Errors encountered.
report_power completed successfully
INFO: [runtcl-4] Executing : report_route_status -file ov5640_eth_rgmii_route_status.rpt -pb ov5640_eth_rgmii_route_status.pb
INFO: [runtcl-4] Executing : report_timing_summary -max_paths 10 -file ov5640_eth_rgmii_timing_summary_routed.rpt -pb ov5640_eth_rgmii_timing_summary_routed.pb -rpx ov5640_eth_rgmii_timing_summary_routed.rpx -warn_on_violation 
INFO: [Timing 38-91] UpdateTimingParams: Speed grade: -1, Delay Type: min_max.
INFO: [Timing 38-191] Multithreading enabled for timing update using a maximum of 2 CPUs
INFO: [runtcl-4] Executing : report_incremental_reuse -file ov5640_eth_rgmii_incremental_reuse_routed.rpt
INFO: [Vivado_Tcl 4-1062] Incremental flow is disabled. No incremental reuse Info to report.
INFO: [runtcl-4] Executing : report_clock_utilization -file ov5640_eth_rgmii_clock_utilization_routed.rpt
INFO: [runtcl-4] Executing : report_bus_skew -warn_on_violation -file ov5640_eth_rgmii_bus_skew_routed.rpt -pb ov5640_eth_rgmii_bus_skew_routed.pb -rpx ov5640_eth_rgmii_bus_skew_routed.rpx
INFO: [Timing 38-91] UpdateTimingParams: Speed grade: -1, Delay Type: min_max.
INFO: [Timing 38-191] Multithreading enabled for timing update using a maximum of 2 CPUs
INFO: [Common 17-206] Exiting Vivado at Mon Apr 15 21:30:29 2024...
